#
# A fatal error has been detected by the Java Runtime Environment:
#
#  EXCEPTION_ACCESS_VIOLATION (0xc0000005) at pc=0x00007fffb435bc23, pid=12920, tid=15640
#
# JRE version: OpenJDK Runtime Environment (16.0.2+7) (build 16.0.2+7-67)
# Java VM: OpenJDK 64-Bit Server VM (16.0.2+7-67, mixed mode, tiered, compressed oops, compressed class ptrs, g1 gc, windows-amd64)
# Problematic frame:
# V  [jvm.dll+0x32bc23]
#
# No core dump will be written. Minidumps are not enabled by default on client versions of Windows
#
# If you would like to submit a bug report, please visit:
#   https://bugreport.java.com/bugreport/crash.jsp
#

---------------  S U M M A R Y ------------

Command Line: -XX:+ShowCodeDetailsInExceptionMessages -agentlib:jdwp=transport=dt_socket,suspend=y,address=localhost:53299 -javaagent:C:\Users\Arthur\Desktop\eclipse\configuration\org.eclipse.osgi\415\0\.cp\lib\javaagent-shaded.jar -Dfile.encoding=Cp1252 ListaPessoas

Host: Intel(R) Core(TM) i5-8400 CPU @ 2.80GHz, 6 cores, 15G,  Windows 10 , 64 bit Build 19041 (10.0.19041.1202)
Time: Mon Oct 18 22:32:27 2021 Hora oficial do Brasil elapsed time: 696.999545 seconds (0d 0h 11m 36s)

---------------  T H R E A D  ---------------

Current thread (0x000001394640b690):  VMThread "VM Thread" [stack: 0x000000047f600000,0x000000047f700000] [id=15640]

Stack: [0x000000047f600000,0x000000047f700000],  sp=0x000000047f6fef80,  free space=1019k
Native frames: (J=compiled Java code, j=interpreted, Vv=VM code, C=native code)
V  [jvm.dll+0x32bc23]
V  [jvm.dll+0x32fa82]
V  [jvm.dll+0x32fe9f]
V  [jvm.dll+0x32c023]
V  [jvm.dll+0x656cce]
V  [jvm.dll+0x6569d3]
V  [jvm.dll+0x61c1e8]
V  [jvm.dll+0x7c18f5]
V  [jvm.dll+0x520446]
V  [jvm.dll+0x7d00ab]
V  [jvm.dll+0x7d0da4]
V  [jvm.dll+0x7d12a9]
V  [jvm.dll+0x7d1564]
V  [jvm.dll+0x7d1630]
V  [jvm.dll+0x7795aa]
V  [jvm.dll+0x667066]
C  [ucrtbase.dll+0x21bb2]
C  [KERNEL32.DLL+0x17034]
C  [ntdll.dll+0x52651]


siginfo: EXCEPTION_ACCESS_VIOLATION (0xc0000005), reading address 0xffffffffffffffff


Register to memory mapping:

RIP=0x00007fffb435bc23 jvm.dll
RAX=0x000001394663c2e0 points into unknown readable memory: 0x0001000008000021 | 21 00 00 08 00 00 01 00
RBX=0x000000047f6ff150 points into unknown readable memory: 0x00007fffb4962218 | 18 22 96 b4 ff 7f 00 00
RCX=0x000000047f6ff1c0 points into unknown readable memory: 0x000001394663c2e0 | e0 c2 63 46 39 01 00 00
RDX=0xffffffffffffffd9 is an unknown value
RSP=0x000000047f6fef80 points into unknown readable memory: 0x0000013946b9a390 | 90 a3 b9 46 39 01 00 00
RBP=0x00007fffb435bc00 jvm.dll
RSI=0x0 is NULL
RDI=0x000000047f6ff150 points into unknown readable memory: 0x00007fffb4962218 | 18 22 96 b4 ff 7f 00 00
R8 =0x03ffffffffffffff is an unknown value
R9 =0x0000000000000019 is an unknown value
R10=0x00007fffb4030000 jvm.dll
R11=0x0 is NULL
R12=0x00000000000083b0 is an unknown value
R13=0x0000000000000001 is an unknown value
R14=0x0000000000000055 is an unknown value
R15=0x0000013947437618 is pointing into metadata


Registers:
RAX=0x000001394663c2e0, RBX=0x000000047f6ff150, RCX=0x000000047f6ff1c0, RDX=0xffffffffffffffd9
RSP=0x000000047f6fef80, RBP=0x00007fffb435bc00, RSI=0x0000000000000000, RDI=0x000000047f6ff150
R8 =0x03ffffffffffffff, R9 =0x0000000000000019, R10=0x00007fffb4030000, R11=0x0000000000000000
R12=0x00000000000083b0, R13=0x0000000000000001, R14=0x0000000000000055, R15=0x0000013947437618
RIP=0x00007fffb435bc23, EFLAGS=0x0000000000010a06

Top of Stack: (sp=0x000000047f6fef80)
0x000000047f6fef80:   0000013946b9a390 0000000000000100
0x000000047f6fef90:   0000013947437762 00007fffb4371c34
0x000000047f6fefa0:   000000047f6ff020 00007fffb435fa82
0x000000047f6fefb0:   000000047f6ff020 000001394640b690
0x000000047f6fefc0:   000000047f6ff020 00007fffb415ce8e
0x000000047f6fefd0:   0000013947439da8 0000000000000018
0x000000047f6fefe0:   00000139474376a5 00000000000000a1
0x000000047f6feff0:   00000000000000a1 00007fffb435fe9f
0x000000047f6ff000:   000000047f6ff150 000000047f6ff050
0x000000047f6ff010:   0000000000000055 000000047f6ff050
0x000000047f6ff020:   0000013947439da8 000001394640b690
0x000000047f6ff030:   0000005800000055 000000a100000082
0x000000047f6ff040:   0000008200000000 ffffffff000000a1
0x000000047f6ff050:   0000000000000000 00007fffb4b40980
0x000000047f6ff060:   00000000000083b0 000001394663c290
0x000000047f6ff070:   000001394640b690 00007fffb435c023 

Instructions: (pc=0x00007fffb435bc23)
0x00007fffb435bb23:   4c 63 fa 48 8b f1 48 85 db 74 13 66 90 39 3b 0f
0x00007fffb435bb33:   84 a6 00 00 00 48 8b 5b 10 48 85 db 75 ef 33 d2
0x00007fffb435bb43:   8d 4a 18 e8 25 31 39 00 48 8b d8 48 85 c0 0f 84
0x00007fffb435bb53:   82 00 00 00 33 d2 4c 89 74 24 50 4c 8b 36 89 38
0x00007fffb435bb63:   8d 4a 18 e8 05 31 39 00 48 8b f8 48 85 c0 74 55
0x00007fffb435bb73:   48 89 6c 24 48 ba 08 00 00 00 8b 2d c5 63 74 00
0x00007fffb435bb83:   8b cd e8 56 5a 01 00 c7 07 00 00 00 00 89 6f 04
0x00007fffb435bb93:   48 89 47 08 85 ed 7e 11 44 8b c5 33 d2 49 c1 e0
0x00007fffb435bba3:   03 48 8b c8 e8 06 97 4f 00 48 8b 6c 24 48 48 c7
0x00007fffb435bbb3:   47 10 00 00 00 00 4c 89 73 10 4c 8b 74 24 50 48
0x00007fffb435bbc3:   89 7b 08 eb 13 33 ff 4c 89 73 10 4c 8b 74 24 50
0x00007fffb435bbd3:   48 89 7b 08 eb 02 33 db 48 89 1e 48 8b 4b 08 48
0x00007fffb435bbe3:   8d 54 24 40 4c 89 7c 24 40 e8 0f eb cd ff 48 8b
0x00007fffb435bbf3:   5c 24 58 48 83 c4 20 41 5f 5f 5e c3 cc 40 53 48
0x00007fffb435bc03:   83 ec 20 48 63 d2 48 8b d9 0f b6 c2 48 83 c1 70
0x00007fffb435bc13:   24 3f 4c 8b c2 44 0f b6 c8 49 c1 e8 06 48 8b 01
0x00007fffb435bc23:   4e 8b 04 c0 4d 0f a3 c8 72 0b 41 b0 01 e8 fb e7
0x00007fffb435bc33:   de ff ff 43 6c 48 83 c4 20 5b c3 cc cc 8b c2 4c
0x00007fffb435bc43:   8b d1 41 33 c0 a9 00 00 00 f0 0f 84 ca 00 00 00
0x00007fffb435bc53:   44 8b ca 8b c2 41 c1 e9 1d b9 72 00 00 00 41 80
0x00007fffb435bc63:   e1 01 c1 e8 1e 44 8d 59 ae a8 01 74 1a 45 84 c9
0x00007fffb435bc73:   75 0d c1 ea 1c f6 c2 01 75 05 44 8b c9 eb 35 41
0x00007fffb435bc83:   b9 23 00 00 00 eb 2d 45 84 c9 74 08 41 b9 76 00
0x00007fffb435bc93:   00 00 eb 20 8b c2 c1 e8 1c a8 01 74 08 41 b9 70
0x00007fffb435bca3:   00 00 00 eb 0f c1 ea 1f 41 b9 40 00 00 00 84 d2
0x00007fffb435bcb3:   45 0f 45 cb 41 8b d0 41 8b c0 c1 ea 1d 80 e2 01
0x00007fffb435bcc3:   c1 e8 1e a8 01 74 15 84 d2 75 0a 41 c1 e8 1c 41
0x00007fffb435bcd3:   f6 c0 01 74 33 b9 23 00 00 00 eb 2c 84 d2 74 07
0x00007fffb435bce3:   b9 76 00 00 00 eb 21 41 8b c0 c1 e8 1c a8 01 74
0x00007fffb435bcf3:   07 b9 70 00 00 00 eb 10 41 c1 e8 1f b9 40 00 00
0x00007fffb435bd03:   00 45 84 c0 41 0f 45 cb 44 8b c1 48 8d 15 93 18
0x00007fffb435bd13:   5c 00 49 8b ca e9 d3 56 00 00 c3 cc cc 40 53 48 


Stack slot to memory mapping:
stack at sp + 0 slots: 0x0000013946b9a390 points into unknown readable memory: 0x00000139252d1200 | 00 12 2d 25 39 01 00 00
stack at sp + 1 slots: 0x0000000000000100 is an unknown value
stack at sp + 2 slots: 0x0000013947437762 is pointing into metadata
stack at sp + 3 slots: 0x00007fffb4371c34 jvm.dll
stack at sp + 4 slots: 0x000000047f6ff020 points into unknown readable memory: 0x0000013947439da8 | a8 9d 43 47 39 01 00 00
stack at sp + 5 slots: 0x00007fffb435fa82 jvm.dll
stack at sp + 6 slots: 0x000000047f6ff020 points into unknown readable memory: 0x0000013947439da8 | a8 9d 43 47 39 01 00 00
stack at sp + 7 slots: 0x000001394640b690 points into unknown readable memory: 0x00007fffb499f648 | 48 f6 99 b4 ff 7f 00 00

VM_Operation (0x00000004001ff6b0): get/set locals, mode: safepoint, requested by thread 0x000001394670eef0


---------------  P R O C E S S  ---------------

Threads class SMR info:
_java_thread_list=0x0000013946c43500, length=15, elements={
0x000001392734f3c0, 0x000001394640bd70, 0x000001394640c5f0, 0x0000013946487590,
0x0000013946487ab0, 0x000001394648bfe0, 0x000001394648c500, 0x00000139464a3d60,
0x00000139464ae2e0, 0x00000139464ae840, 0x0000013946535d30, 0x000001394670eef0,
0x0000013946710fe0, 0x0000013946714540, 0x0000013946b98030
}

Java Threads: ( => current thread )
  0x000001392734f3c0 JavaThread "main" [_thread_blocked, id=12376, stack(0x000000047f000000,0x000000047f100000)]
  0x000001394640bd70 JavaThread "Reference Handler" daemon [_thread_blocked, id=16044, stack(0x000000047f700000,0x000000047f800000)]
  0x000001394640c5f0 JavaThread "Finalizer" daemon [_thread_blocked, id=14324, stack(0x000000047f800000,0x000000047f900000)]
  0x0000013946487590 JavaThread "Signal Dispatcher" daemon [_thread_blocked, id=15056, stack(0x000000047f900000,0x000000047fa00000)]
  0x0000013946487ab0 JavaThread "Attach Listener" daemon [_thread_blocked, id=14752, stack(0x000000047fa00000,0x000000047fb00000)]
  0x000001394648bfe0 JavaThread "Service Thread" daemon [_thread_blocked, id=12540, stack(0x000000047fb00000,0x000000047fc00000)]
  0x000001394648c500 JavaThread "Monitor Deflation Thread" daemon [_thread_blocked, id=12864, stack(0x000000047fc00000,0x000000047fd00000)]
  0x00000139464a3d60 JavaThread "C2 CompilerThread0" daemon [_thread_blocked, id=12856, stack(0x000000047fd00000,0x000000047fe00000)]
  0x00000139464ae2e0 JavaThread "C1 CompilerThread0" daemon [_thread_blocked, id=6288, stack(0x000000047fe00000,0x000000047ff00000)]
  0x00000139464ae840 JavaThread "Sweeper thread" daemon [_thread_blocked, id=4900, stack(0x000000047ff00000,0x0000000480000000)]
  0x0000013946535d30 JavaThread "Common-Cleaner" daemon [_thread_blocked, id=16656, stack(0x0000000400000000,0x0000000400100000)]
  0x000001394670eef0 JavaThread "JDWP Transport Listener: dt_socket" daemon [_thread_blocked, id=17296, stack(0x0000000400100000,0x0000000400200000)] _threads_hazard_ptr=0x0000013946c43500
  0x0000013946710fe0 JavaThread "JDWP Event Helper Thread" daemon [_thread_blocked, id=8244, stack(0x0000000400200000,0x0000000400300000)]
  0x0000013946714540 JavaThread "JDWP Command Reader" daemon [_thread_in_native, id=7632, stack(0x0000000400300000,0x0000000400400000)]
  0x0000013946b98030 JavaThread "Notification Thread" daemon [_thread_blocked, id=15992, stack(0x0000000400400000,0x0000000400500000)]

Other Threads:
=>0x000001394640b690 VMThread "VM Thread" [stack: 0x000000047f600000,0x000000047f700000] [id=15640]
  0x0000013946cb3110 WatcherThread [stack: 0x0000000400500000,0x0000000400600000] [id=4932]
  0x000001392739d860 GCTaskThread "GC Thread#0" [stack: 0x000000047f100000,0x000000047f200000] [id=12924]
  0x00000139273ae860 ConcurrentGCThread "G1 Main Marker" [stack: 0x000000047f200000,0x000000047f300000] [id=1384]
  0x00000139273afaf0 ConcurrentGCThread "G1 Conc#0" [stack: 0x000000047f300000,0x000000047f400000] [id=1448]
  0x000001392741e710 ConcurrentGCThread "G1 Refine#0" [stack: 0x000000047f400000,0x000000047f500000] [id=12768]
  0x0000013945822160 ConcurrentGCThread "G1 Service" [stack: 0x000000047f500000,0x000000047f600000] [id=1084]

Threads with active compile tasks:

VM state: at safepoint (normal execution)

VM Mutex/Monitor currently owned by a thread:  ([mutex/lock_event])
[0x000001392734bca0] Threads_lock - owner thread: 0x000001394640b690

Heap address: 0x0000000701400000, size: 4076 MB, Compressed Oops mode: Zero based, Oop shift amount: 3

CDS disabled.
Compressed class space mapped at: 0x0000000800000000-0x0000000840000000, reserved size: 1073741824
Narrow klass base: 0x0000000800000000, Narrow klass shift: 0, Narrow klass range: 0x40000000

GC Precious Log:
 CPUs: 6 total, 6 available
 Memory: 16297M
 Large Page Support: Disabled
 NUMA Support: Disabled
 Compressed Oops: Enabled (Zero based)
 Heap Region Size: 2M
 Heap Min Capacity: 8M
 Heap Initial Capacity: 256M
 Heap Max Capacity: 4076M
 Pre-touch: Disabled
 Parallel Workers: 6
 Concurrent Workers: 2
 Concurrent Refinement Workers: 6
 Periodic GC: Disabled

Heap:
 garbage-first heap   total 262144K, used 6144K [0x0000000701400000, 0x0000000800000000)
  region size 2048K, 4 young (8192K), 0 survivors (0K)
 Metaspace       used 10204K, committed 10368K, reserved 1064960K
  class space    used 885K, committed 960K, reserved 1048576K

Heap Regions: E=young(eden), S=young(survivor), O=old, HS=humongous(starts), HC=humongous(continues), CS=collection set, F=free, OA=open archive, CA=closed archive, TAMS=top-at-mark-start (previous, next)
|   0|0x0000000701400000, 0x0000000701400000, 0x0000000701600000|  0%| F|  |TAMS 0x0000000701400000, 0x0000000701400000| Untracked 
|   1|0x0000000701600000, 0x0000000701600000, 0x0000000701800000|  0%| F|  |TAMS 0x0000000701600000, 0x0000000701600000| Untracked 
|   2|0x0000000701800000, 0x0000000701800000, 0x0000000701a00000|  0%| F|  |TAMS 0x0000000701800000, 0x0000000701800000| Untracked 
|   3|0x0000000701a00000, 0x0000000701a00000, 0x0000000701c00000|  0%| F|  |TAMS 0x0000000701a00000, 0x0000000701a00000| Untracked 
|   4|0x0000000701c00000, 0x0000000701c00000, 0x0000000701e00000|  0%| F|  |TAMS 0x0000000701c00000, 0x0000000701c00000| Untracked 
|   5|0x0000000701e00000, 0x0000000701e00000, 0x0000000702000000|  0%| F|  |TAMS 0x0000000701e00000, 0x0000000701e00000| Untracked 
|   6|0x0000000702000000, 0x0000000702000000, 0x0000000702200000|  0%| F|  |TAMS 0x0000000702000000, 0x0000000702000000| Untracked 
|   7|0x0000000702200000, 0x0000000702200000, 0x0000000702400000|  0%| F|  |TAMS 0x0000000702200000, 0x0000000702200000| Untracked 
|   8|0x0000000702400000, 0x0000000702400000, 0x0000000702600000|  0%| F|  |TAMS 0x0000000702400000, 0x0000000702400000| Untracked 
|   9|0x0000000702600000, 0x0000000702600000, 0x0000000702800000|  0%| F|  |TAMS 0x0000000702600000, 0x0000000702600000| Untracked 
|  10|0x0000000702800000, 0x0000000702800000, 0x0000000702a00000|  0%| F|  |TAMS 0x0000000702800000, 0x0000000702800000| Untracked 
|  11|0x0000000702a00000, 0x0000000702a00000, 0x0000000702c00000|  0%| F|  |TAMS 0x0000000702a00000, 0x0000000702a00000| Untracked 
|  12|0x0000000702c00000, 0x0000000702c00000, 0x0000000702e00000|  0%| F|  |TAMS 0x0000000702c00000, 0x0000000702c00000| Untracked 
|  13|0x0000000702e00000, 0x0000000702e00000, 0x0000000703000000|  0%| F|  |TAMS 0x0000000702e00000, 0x0000000702e00000| Untracked 
|  14|0x0000000703000000, 0x0000000703000000, 0x0000000703200000|  0%| F|  |TAMS 0x0000000703000000, 0x0000000703000000| Untracked 
|  15|0x0000000703200000, 0x0000000703200000, 0x0000000703400000|  0%| F|  |TAMS 0x0000000703200000, 0x0000000703200000| Untracked 
|  16|0x0000000703400000, 0x0000000703400000, 0x0000000703600000|  0%| F|  |TAMS 0x0000000703400000, 0x0000000703400000| Untracked 
|  17|0x0000000703600000, 0x0000000703600000, 0x0000000703800000|  0%| F|  |TAMS 0x0000000703600000, 0x0000000703600000| Untracked 
|  18|0x0000000703800000, 0x0000000703800000, 0x0000000703a00000|  0%| F|  |TAMS 0x0000000703800000, 0x0000000703800000| Untracked 
|  19|0x0000000703a00000, 0x0000000703a00000, 0x0000000703c00000|  0%| F|  |TAMS 0x0000000703a00000, 0x0000000703a00000| Untracked 
|  20|0x0000000703c00000, 0x0000000703c00000, 0x0000000703e00000|  0%| F|  |TAMS 0x0000000703c00000, 0x0000000703c00000| Untracked 
|  21|0x0000000703e00000, 0x0000000703e00000, 0x0000000704000000|  0%| F|  |TAMS 0x0000000703e00000, 0x0000000703e00000| Untracked 
|  22|0x0000000704000000, 0x0000000704000000, 0x0000000704200000|  0%| F|  |TAMS 0x0000000704000000, 0x0000000704000000| Untracked 
|  23|0x0000000704200000, 0x0000000704200000, 0x0000000704400000|  0%| F|  |TAMS 0x0000000704200000, 0x0000000704200000| Untracked 
|  24|0x0000000704400000, 0x0000000704400000, 0x0000000704600000|  0%| F|  |TAMS 0x0000000704400000, 0x0000000704400000| Untracked 
|  25|0x0000000704600000, 0x0000000704600000, 0x0000000704800000|  0%| F|  |TAMS 0x0000000704600000, 0x0000000704600000| Untracked 
|  26|0x0000000704800000, 0x0000000704800000, 0x0000000704a00000|  0%| F|  |TAMS 0x0000000704800000, 0x0000000704800000| Untracked 
|  27|0x0000000704a00000, 0x0000000704a00000, 0x0000000704c00000|  0%| F|  |TAMS 0x0000000704a00000, 0x0000000704a00000| Untracked 
|  28|0x0000000704c00000, 0x0000000704c00000, 0x0000000704e00000|  0%| F|  |TAMS 0x0000000704c00000, 0x0000000704c00000| Untracked 
|  29|0x0000000704e00000, 0x0000000704e00000, 0x0000000705000000|  0%| F|  |TAMS 0x0000000704e00000, 0x0000000704e00000| Untracked 
|  30|0x0000000705000000, 0x0000000705000000, 0x0000000705200000|  0%| F|  |TAMS 0x0000000705000000, 0x0000000705000000| Untracked 
|  31|0x0000000705200000, 0x0000000705200000, 0x0000000705400000|  0%| F|  |TAMS 0x0000000705200000, 0x0000000705200000| Untracked 
|  32|0x0000000705400000, 0x0000000705400000, 0x0000000705600000|  0%| F|  |TAMS 0x0000000705400000, 0x0000000705400000| Untracked 
|  33|0x0000000705600000, 0x0000000705600000, 0x0000000705800000|  0%| F|  |TAMS 0x0000000705600000, 0x0000000705600000| Untracked 
|  34|0x0000000705800000, 0x0000000705800000, 0x0000000705a00000|  0%| F|  |TAMS 0x0000000705800000, 0x0000000705800000| Untracked 
|  35|0x0000000705a00000, 0x0000000705a00000, 0x0000000705c00000|  0%| F|  |TAMS 0x0000000705a00000, 0x0000000705a00000| Untracked 
|  36|0x0000000705c00000, 0x0000000705c00000, 0x0000000705e00000|  0%| F|  |TAMS 0x0000000705c00000, 0x0000000705c00000| Untracked 
|  37|0x0000000705e00000, 0x0000000705e00000, 0x0000000706000000|  0%| F|  |TAMS 0x0000000705e00000, 0x0000000705e00000| Untracked 
|  38|0x0000000706000000, 0x0000000706000000, 0x0000000706200000|  0%| F|  |TAMS 0x0000000706000000, 0x0000000706000000| Untracked 
|  39|0x0000000706200000, 0x0000000706200000, 0x0000000706400000|  0%| F|  |TAMS 0x0000000706200000, 0x0000000706200000| Untracked 
|  40|0x0000000706400000, 0x0000000706400000, 0x0000000706600000|  0%| F|  |TAMS 0x0000000706400000, 0x0000000706400000| Untracked 
|  41|0x0000000706600000, 0x0000000706600000, 0x0000000706800000|  0%| F|  |TAMS 0x0000000706600000, 0x0000000706600000| Untracked 
|  42|0x0000000706800000, 0x0000000706800000, 0x0000000706a00000|  0%| F|  |TAMS 0x0000000706800000, 0x0000000706800000| Untracked 
|  43|0x0000000706a00000, 0x0000000706a00000, 0x0000000706c00000|  0%| F|  |TAMS 0x0000000706a00000, 0x0000000706a00000| Untracked 
|  44|0x0000000706c00000, 0x0000000706c00000, 0x0000000706e00000|  0%| F|  |TAMS 0x0000000706c00000, 0x0000000706c00000| Untracked 
|  45|0x0000000706e00000, 0x0000000706e00000, 0x0000000707000000|  0%| F|  |TAMS 0x0000000706e00000, 0x0000000706e00000| Untracked 
|  46|0x0000000707000000, 0x0000000707000000, 0x0000000707200000|  0%| F|  |TAMS 0x0000000707000000, 0x0000000707000000| Untracked 
|  47|0x0000000707200000, 0x0000000707200000, 0x0000000707400000|  0%| F|  |TAMS 0x0000000707200000, 0x0000000707200000| Untracked 
|  48|0x0000000707400000, 0x0000000707400000, 0x0000000707600000|  0%| F|  |TAMS 0x0000000707400000, 0x0000000707400000| Untracked 
|  49|0x0000000707600000, 0x0000000707600000, 0x0000000707800000|  0%| F|  |TAMS 0x0000000707600000, 0x0000000707600000| Untracked 
|  50|0x0000000707800000, 0x0000000707800000, 0x0000000707a00000|  0%| F|  |TAMS 0x0000000707800000, 0x0000000707800000| Untracked 
|  51|0x0000000707a00000, 0x0000000707a00000, 0x0000000707c00000|  0%| F|  |TAMS 0x0000000707a00000, 0x0000000707a00000| Untracked 
|  52|0x0000000707c00000, 0x0000000707c00000, 0x0000000707e00000|  0%| F|  |TAMS 0x0000000707c00000, 0x0000000707c00000| Untracked 
|  53|0x0000000707e00000, 0x0000000707e00000, 0x0000000708000000|  0%| F|  |TAMS 0x0000000707e00000, 0x0000000707e00000| Untracked 
|  54|0x0000000708000000, 0x0000000708000000, 0x0000000708200000|  0%| F|  |TAMS 0x0000000708000000, 0x0000000708000000| Untracked 
|  55|0x0000000708200000, 0x0000000708200000, 0x0000000708400000|  0%| F|  |TAMS 0x0000000708200000, 0x0000000708200000| Untracked 
|  56|0x0000000708400000, 0x0000000708400000, 0x0000000708600000|  0%| F|  |TAMS 0x0000000708400000, 0x0000000708400000| Untracked 
|  57|0x0000000708600000, 0x0000000708600000, 0x0000000708800000|  0%| F|  |TAMS 0x0000000708600000, 0x0000000708600000| Untracked 
|  58|0x0000000708800000, 0x0000000708800000, 0x0000000708a00000|  0%| F|  |TAMS 0x0000000708800000, 0x0000000708800000| Untracked 
|  59|0x0000000708a00000, 0x0000000708a00000, 0x0000000708c00000|  0%| F|  |TAMS 0x0000000708a00000, 0x0000000708a00000| Untracked 
|  60|0x0000000708c00000, 0x0000000708c00000, 0x0000000708e00000|  0%| F|  |TAMS 0x0000000708c00000, 0x0000000708c00000| Untracked 
|  61|0x0000000708e00000, 0x0000000708e00000, 0x0000000709000000|  0%| F|  |TAMS 0x0000000708e00000, 0x0000000708e00000| Untracked 
|  62|0x0000000709000000, 0x0000000709000000, 0x0000000709200000|  0%| F|  |TAMS 0x0000000709000000, 0x0000000709000000| Untracked 
|  63|0x0000000709200000, 0x0000000709200000, 0x0000000709400000|  0%| F|  |TAMS 0x0000000709200000, 0x0000000709200000| Untracked 
|  64|0x0000000709400000, 0x0000000709400000, 0x0000000709600000|  0%| F|  |TAMS 0x0000000709400000, 0x0000000709400000| Untracked 
|  65|0x0000000709600000, 0x0000000709600000, 0x0000000709800000|  0%| F|  |TAMS 0x0000000709600000, 0x0000000709600000| Untracked 
|  66|0x0000000709800000, 0x0000000709800000, 0x0000000709a00000|  0%| F|  |TAMS 0x0000000709800000, 0x0000000709800000| Untracked 
|  67|0x0000000709a00000, 0x0000000709a00000, 0x0000000709c00000|  0%| F|  |TAMS 0x0000000709a00000, 0x0000000709a00000| Untracked 
|  68|0x0000000709c00000, 0x0000000709c00000, 0x0000000709e00000|  0%| F|  |TAMS 0x0000000709c00000, 0x0000000709c00000| Untracked 
|  69|0x0000000709e00000, 0x0000000709e00000, 0x000000070a000000|  0%| F|  |TAMS 0x0000000709e00000, 0x0000000709e00000| Untracked 
|  70|0x000000070a000000, 0x000000070a000000, 0x000000070a200000|  0%| F|  |TAMS 0x000000070a000000, 0x000000070a000000| Untracked 
|  71|0x000000070a200000, 0x000000070a200000, 0x000000070a400000|  0%| F|  |TAMS 0x000000070a200000, 0x000000070a200000| Untracked 
|  72|0x000000070a400000, 0x000000070a400000, 0x000000070a600000|  0%| F|  |TAMS 0x000000070a400000, 0x000000070a400000| Untracked 
|  73|0x000000070a600000, 0x000000070a600000, 0x000000070a800000|  0%| F|  |TAMS 0x000000070a600000, 0x000000070a600000| Untracked 
|  74|0x000000070a800000, 0x000000070a800000, 0x000000070aa00000|  0%| F|  |TAMS 0x000000070a800000, 0x000000070a800000| Untracked 
|  75|0x000000070aa00000, 0x000000070aa00000, 0x000000070ac00000|  0%| F|  |TAMS 0x000000070aa00000, 0x000000070aa00000| Untracked 
|  76|0x000000070ac00000, 0x000000070ac00000, 0x000000070ae00000|  0%| F|  |TAMS 0x000000070ac00000, 0x000000070ac00000| Untracked 
|  77|0x000000070ae00000, 0x000000070ae00000, 0x000000070b000000|  0%| F|  |TAMS 0x000000070ae00000, 0x000000070ae00000| Untracked 
|  78|0x000000070b000000, 0x000000070b000000, 0x000000070b200000|  0%| F|  |TAMS 0x000000070b000000, 0x000000070b000000| Untracked 
|  79|0x000000070b200000, 0x000000070b200000, 0x000000070b400000|  0%| F|  |TAMS 0x000000070b200000, 0x000000070b200000| Untracked 
|  80|0x000000070b400000, 0x000000070b400000, 0x000000070b600000|  0%| F|  |TAMS 0x000000070b400000, 0x000000070b400000| Untracked 
|  81|0x000000070b600000, 0x000000070b600000, 0x000000070b800000|  0%| F|  |TAMS 0x000000070b600000, 0x000000070b600000| Untracked 
|  82|0x000000070b800000, 0x000000070b800000, 0x000000070ba00000|  0%| F|  |TAMS 0x000000070b800000, 0x000000070b800000| Untracked 
|  83|0x000000070ba00000, 0x000000070ba00000, 0x000000070bc00000|  0%| F|  |TAMS 0x000000070ba00000, 0x000000070ba00000| Untracked 
|  84|0x000000070bc00000, 0x000000070bc00000, 0x000000070be00000|  0%| F|  |TAMS 0x000000070bc00000, 0x000000070bc00000| Untracked 
|  85|0x000000070be00000, 0x000000070be00000, 0x000000070c000000|  0%| F|  |TAMS 0x000000070be00000, 0x000000070be00000| Untracked 
|  86|0x000000070c000000, 0x000000070c000000, 0x000000070c200000|  0%| F|  |TAMS 0x000000070c000000, 0x000000070c000000| Untracked 
|  87|0x000000070c200000, 0x000000070c200000, 0x000000070c400000|  0%| F|  |TAMS 0x000000070c200000, 0x000000070c200000| Untracked 
|  88|0x000000070c400000, 0x000000070c400000, 0x000000070c600000|  0%| F|  |TAMS 0x000000070c400000, 0x000000070c400000| Untracked 
|  89|0x000000070c600000, 0x000000070c600000, 0x000000070c800000|  0%| F|  |TAMS 0x000000070c600000, 0x000000070c600000| Untracked 
|  90|0x000000070c800000, 0x000000070c800000, 0x000000070ca00000|  0%| F|  |TAMS 0x000000070c800000, 0x000000070c800000| Untracked 
|  91|0x000000070ca00000, 0x000000070ca00000, 0x000000070cc00000|  0%| F|  |TAMS 0x000000070ca00000, 0x000000070ca00000| Untracked 
|  92|0x000000070cc00000, 0x000000070cc00000, 0x000000070ce00000|  0%| F|  |TAMS 0x000000070cc00000, 0x000000070cc00000| Untracked 
|  93|0x000000070ce00000, 0x000000070ce00000, 0x000000070d000000|  0%| F|  |TAMS 0x000000070ce00000, 0x000000070ce00000| Untracked 
|  94|0x000000070d000000, 0x000000070d000000, 0x000000070d200000|  0%| F|  |TAMS 0x000000070d000000, 0x000000070d000000| Untracked 
|  95|0x000000070d200000, 0x000000070d200000, 0x000000070d400000|  0%| F|  |TAMS 0x000000070d200000, 0x000000070d200000| Untracked 
|  96|0x000000070d400000, 0x000000070d400000, 0x000000070d600000|  0%| F|  |TAMS 0x000000070d400000, 0x000000070d400000| Untracked 
|  97|0x000000070d600000, 0x000000070d600000, 0x000000070d800000|  0%| F|  |TAMS 0x000000070d600000, 0x000000070d600000| Untracked 
|  98|0x000000070d800000, 0x000000070d800000, 0x000000070da00000|  0%| F|  |TAMS 0x000000070d800000, 0x000000070d800000| Untracked 
|  99|0x000000070da00000, 0x000000070da00000, 0x000000070dc00000|  0%| F|  |TAMS 0x000000070da00000, 0x000000070da00000| Untracked 
| 100|0x000000070dc00000, 0x000000070dc00000, 0x000000070de00000|  0%| F|  |TAMS 0x000000070dc00000, 0x000000070dc00000| Untracked 
| 101|0x000000070de00000, 0x000000070de00000, 0x000000070e000000|  0%| F|  |TAMS 0x000000070de00000, 0x000000070de00000| Untracked 
| 102|0x000000070e000000, 0x000000070e000000, 0x000000070e200000|  0%| F|  |TAMS 0x000000070e000000, 0x000000070e000000| Untracked 
| 103|0x000000070e200000, 0x000000070e200000, 0x000000070e400000|  0%| F|  |TAMS 0x000000070e200000, 0x000000070e200000| Untracked 
| 104|0x000000070e400000, 0x000000070e400000, 0x000000070e600000|  0%| F|  |TAMS 0x000000070e400000, 0x000000070e400000| Untracked 
| 105|0x000000070e600000, 0x000000070e600000, 0x000000070e800000|  0%| F|  |TAMS 0x000000070e600000, 0x000000070e600000| Untracked 
| 106|0x000000070e800000, 0x000000070e800000, 0x000000070ea00000|  0%| F|  |TAMS 0x000000070e800000, 0x000000070e800000| Untracked 
| 107|0x000000070ea00000, 0x000000070ea00000, 0x000000070ec00000|  0%| F|  |TAMS 0x000000070ea00000, 0x000000070ea00000| Untracked 
| 108|0x000000070ec00000, 0x000000070ec00000, 0x000000070ee00000|  0%| F|  |TAMS 0x000000070ec00000, 0x000000070ec00000| Untracked 
| 109|0x000000070ee00000, 0x000000070ee00000, 0x000000070f000000|  0%| F|  |TAMS 0x000000070ee00000, 0x000000070ee00000| Untracked 
| 110|0x000000070f000000, 0x000000070f000000, 0x000000070f200000|  0%| F|  |TAMS 0x000000070f000000, 0x000000070f000000| Untracked 
| 111|0x000000070f200000, 0x000000070f200000, 0x000000070f400000|  0%| F|  |TAMS 0x000000070f200000, 0x000000070f200000| Untracked 
| 112|0x000000070f400000, 0x000000070f400000, 0x000000070f600000|  0%| F|  |TAMS 0x000000070f400000, 0x000000070f400000| Untracked 
| 113|0x000000070f600000, 0x000000070f600000, 0x000000070f800000|  0%| F|  |TAMS 0x000000070f600000, 0x000000070f600000| Untracked 
| 114|0x000000070f800000, 0x000000070f800000, 0x000000070fa00000|  0%| F|  |TAMS 0x000000070f800000, 0x000000070f800000| Untracked 
| 115|0x000000070fa00000, 0x000000070fa00000, 0x000000070fc00000|  0%| F|  |TAMS 0x000000070fa00000, 0x000000070fa00000| Untracked 
| 116|0x000000070fc00000, 0x000000070fc00000, 0x000000070fe00000|  0%| F|  |TAMS 0x000000070fc00000, 0x000000070fc00000| Untracked 
| 117|0x000000070fe00000, 0x000000070fe00000, 0x0000000710000000|  0%| F|  |TAMS 0x000000070fe00000, 0x000000070fe00000| Untracked 
| 118|0x0000000710000000, 0x0000000710000000, 0x0000000710200000|  0%| F|  |TAMS 0x0000000710000000, 0x0000000710000000| Untracked 
| 119|0x0000000710200000, 0x0000000710200000, 0x0000000710400000|  0%| F|  |TAMS 0x0000000710200000, 0x0000000710200000| Untracked 
| 120|0x0000000710400000, 0x0000000710400000, 0x0000000710600000|  0%| F|  |TAMS 0x0000000710400000, 0x0000000710400000| Untracked 
| 121|0x0000000710600000, 0x0000000710600000, 0x0000000710800000|  0%| F|  |TAMS 0x0000000710600000, 0x0000000710600000| Untracked 
| 122|0x0000000710800000, 0x0000000710800000, 0x0000000710a00000|  0%| F|  |TAMS 0x0000000710800000, 0x0000000710800000| Untracked 
| 123|0x0000000710a00000, 0x0000000710a00000, 0x0000000710c00000|  0%| F|  |TAMS 0x0000000710a00000, 0x0000000710a00000| Untracked 
| 124|0x0000000710c00000, 0x0000000710d342b0, 0x0000000710e00000| 60%| E|  |TAMS 0x0000000710c00000, 0x0000000710c00000| Complete 
| 125|0x0000000710e00000, 0x0000000711000000, 0x0000000711000000|100%| E|CS|TAMS 0x0000000710e00000, 0x0000000710e00000| Complete 
| 126|0x0000000711000000, 0x0000000711200000, 0x0000000711200000|100%| E|CS|TAMS 0x0000000711000000, 0x0000000711000000| Complete 
| 127|0x0000000711200000, 0x0000000711400000, 0x0000000711400000|100%| E|CS|TAMS 0x0000000711200000, 0x0000000711200000| Complete 

Card table byte_map: [0x000001393a1d0000,0x000001393a9d0000] _byte_map_base: 0x00000139369c6000

Marking Bits (Prev, Next): (CMBitMap*) 0x000001392739df50, (CMBitMap*) 0x000001392739df90
 Prev Bits: [0x000001393b1d0000, 0x000001393f180000)
 Next Bits: [0x000001393f180000, 0x0000013943130000)

Polling page: 0x0000013926b20000

Metaspace:

Usage:
  Non-class:      9.10 MB used.
      Class:    885.57 KB used.
       Both:      9.97 MB used.

Virtual space:
  Non-class space:       16.00 MB reserved,       9.19 MB ( 57%) committed,  2 nodes.
      Class space:        1.00 GB reserved,     960.00 KB ( <1%) committed,  1 nodes.
              Both:        1.02 GB reserved,      10.12 MB ( <1%) committed. 

Chunk freelists:
   Non-Class:  2.73 MB
       Class:  3.09 MB
        Both:  5.83 MB

MaxMetaspaceSize: 17179869184.00 GB
CompressedClassSpaceSize: 1.00 GB
 - commit_granule_bytes: 65536.
 - commit_granule_words: 8192.
 - virtual_space_node_default_size: 1048576.
 - enlarge_chunks_in_place: 1.
 - new_chunks_are_fully_committed: 0.
 - uncommit_free_chunks: 1.
 - use_allocation_guard: 0.
 - handle_deallocations: 1.


Internal statistics:

num_allocs_failed_limit: 0.
num_arena_births: 12.
num_arena_deaths: 0.
num_vsnodes_births: 3.
num_vsnodes_deaths: 0.
num_space_committed: 162.
num_space_uncommitted: 0.
num_chunks_returned_to_freelist: 0.
num_chunks_taken_from_freelist: 55.
num_chunk_merges: 0.
num_chunk_splits: 21.
num_chunks_enlarged: 12.
num_purges: 0.

CodeHeap 'non-profiled nmethods': size=120000Kb used=146Kb max_used=146Kb free=119853Kb
 bounds [0x0000013932390000, 0x0000013932600000, 0x00000139398c0000]
CodeHeap 'profiled nmethods': size=120000Kb used=593Kb max_used=593Kb free=119406Kb
 bounds [0x000001392ae60000, 0x000001392b0d0000, 0x0000013932390000]
CodeHeap 'non-nmethods': size=5760Kb used=1211Kb max_used=1227Kb free=4548Kb
 bounds [0x000001392a8c0000, 0x000001392ab30000, 0x000001392ae60000]
 total_blobs=866 nmethods=447 adapters=332
 compilation: enabled
              stopped_count=0, restarted_count=0
 full_count=0

Compilation events (20 events):
Event: 0.359 Thread 0x00000139464ae2e0  436       1       sun.instrument.TransformerManager::getSnapshotTransformerList (5 bytes)
Event: 0.359 Thread 0x00000139464ae2e0 nmethod 436 0x00000139323b3210 code [0x00000139323b33a0, 0x00000139323b3478]
Event: 0.359 Thread 0x00000139464ae2e0  437       1       sun.instrument.TransformerManager$TransformerInfo::transformer (5 bytes)
Event: 0.359 Thread 0x00000139464ae2e0 nmethod 437 0x00000139323b3510 code [0x00000139323b36a0, 0x00000139323b3778]
Event: 0.360 Thread 0x00000139464ae2e0  438       3       java.lang.StringUTF16::getChar (60 bytes)
Event: 0.360 Thread 0x00000139464ae2e0 nmethod 438 0x000001392aef3510 code [0x000001392aef36c0, 0x000001392aef3838]
Event: 0.360 Thread 0x00000139464a3d60  439       4       java.lang.StringUTF16::getChar (60 bytes)
Event: 0.360 Thread 0x00000139464a3d60 nmethod 439 0x00000139323b3810 code [0x00000139323b39a0, 0x00000139323b3a98]
Event: 0.364 Thread 0x00000139464ae2e0  443       3       sun.nio.cs.SingleByte$Decoder::decode (11 bytes)
Event: 0.364 Thread 0x00000139464ae2e0 nmethod 443 0x000001392aef3910 code [0x000001392aef3aa0, 0x000001392aef3bf8]
Event: 0.364 Thread 0x00000139464ae2e0  445       3       java.lang.Character::charCount (12 bytes)
Event: 0.364 Thread 0x00000139464ae2e0 nmethod 445 0x000001392aef3d10 code [0x000001392aef3ec0, 0x000001392aef4038]
Event: 0.364 Thread 0x00000139464ae2e0  444       1       java.nio.Buffer::position (5 bytes)
Event: 0.364 Thread 0x00000139464ae2e0 nmethod 444 0x00000139323b4490 code [0x00000139323b4620, 0x00000139323b46f8]
Event: 459.411 Thread 0x00000139464a3d60  446       4       java.lang.StringUTF16::compress (50 bytes)
Event: 459.418 Thread 0x00000139464a3d60 

Event: 459.418 Thread 0x00000139464a3d60  447       4       org.eclipse.jdt.launching.internal.org.objectweb.asm.ClassReader::getItem (7 bytes)
Event: 459.419 Thread 0x00000139464a3d60 nmethod 447 0x00000139323b4790 code [0x00000139323b4920, 0x00000139323b4a18]
Event: 622.143 Thread 0x00000139464ae2e0  448       3       org.eclipse.jdt.launching.internal.org.objectweb.asm.SymbolTable::addConstantUtf8Reference (20 bytes)
Event: 622.143 Thread 0x00000139464ae2e0 nmethod 448 0x000001392aef4110 code [0x000001392aef42e0, 0x000001392aef45a8]

GC Heap History (0 events):
No events

Deoptimization events (20 events):
Event: 0.323 Thread 0x000001392734f3c0 DEOPT PACKING pc=0x000001392aecb967 sp=0x000000047f0f8300
Event: 0.323 Thread 0x000001392734f3c0 DEOPT UNPACKING pc=0x000001392a90dece sp=0x000000047f0f7768 mode 0
Event: 0.329 Thread 0x000001392734f3c0 DEOPT PACKING pc=0x000001392aecb967 sp=0x000000047f0f7f70
Event: 0.329 Thread 0x000001392734f3c0 DEOPT UNPACKING pc=0x000001392a90dece sp=0x000000047f0f73d8 mode 0
Event: 0.329 Thread 0x000001392734f3c0 DEOPT PACKING pc=0x000001392aecb967 sp=0x000000047f0f7f70
Event: 0.329 Thread 0x000001392734f3c0 DEOPT UNPACKING pc=0x000001392a90dece sp=0x000000047f0f73d8 mode 0
Event: 0.329 Thread 0x000001392734f3c0 DEOPT PACKING pc=0x000001392aecb967 sp=0x000000047f0f7f70
Event: 0.329 Thread 0x000001392734f3c0 DEOPT UNPACKING pc=0x000001392a90dece sp=0x000000047f0f73d8 mode 0
Event: 0.354 Thread 0x000001392734f3c0 Uncommon trap: trap_request=0xffffff45 fr.pc=0x0000013932398fe8 relative=0x0000000000000248
Event: 0.354 Thread 0x000001392734f3c0 Uncommon trap: reason=unstable_if action=reinterpret pc=0x0000013932398fe8 method=java.lang.String.isLatin1()Z @ 10 c2
Event: 0.354 Thread 0x000001392734f3c0 DEOPT PACKING pc=0x0000013932398fe8 sp=0x000000047f0fcbb0
Event: 0.354 Thread 0x000001392734f3c0 DEOPT UNPACKING pc=0x000001392a90d72e sp=0x000000047f0fcae8 mode 2
Event: 0.354 Thread 0x000001392734f3c0 Uncommon trap: trap_request=0xffffff45 fr.pc=0x000001393239b600 relative=0x0000000000000060
Event: 0.354 Thread 0x000001392734f3c0 Uncommon trap: reason=unstable_if action=reinterpret pc=0x000001393239b600 method=java.lang.String.isLatin1()Z @ 10 c2
Event: 0.354 Thread 0x000001392734f3c0 DEOPT PACKING pc=0x000001393239b600 sp=0x000000047f0fcb40
Event: 0.354 Thread 0x000001392734f3c0 DEOPT UNPACKING pc=0x000001392a90d72e sp=0x000000047f0fcae0 mode 2
Event: 0.359 Thread 0x000001392734f3c0 Uncommon trap: trap_request=0xffffff45 fr.pc=0x00000139323a1d68 relative=0x0000000000000048
Event: 0.359 Thread 0x000001392734f3c0 Uncommon trap: reason=unstable_if action=reinterpret pc=0x00000139323a1d68 method=java.lang.CharacterData.of(I)Ljava/lang/CharacterData; @ 4 c2
Event: 0.359 Thread 0x000001392734f3c0 DEOPT PACKING pc=0x00000139323a1d68 sp=0x000000047f0feb00
Event: 0.359 Thread 0x000001392734f3c0 DEOPT UNPACKING pc=0x000001392a90d72e sp=0x000000047f0feaa0 mode 2

Classes unloaded (0 events):
No events

Classes redefined (8 events):
Event: 88.890 Thread 0x000001394640b690 redefined class name=ListaPessoas, count=1
Event: 248.939 Thread 0x000001394640b690 redefined class name=ListaPessoas, count=2
Event: 268.579 Thread 0x000001394640b690 redefined class name=ListaPessoas, count=3
Event: 459.412 Thread 0x000001394640b690 redefined class name=ListaPessoas, count=4
Event: 587.153 Thread 0x000001394640b690 redefined class name=ListaPessoas, count=5
Event: 622.144 Thread 0x000001394640b690 redefined class name=ListaPessoas, count=6
Event: 665.598 Thread 0x000001394640b690 redefined class name=ListaPessoas, count=7
Event: 688.124 Thread 0x000001394640b690 redefined class name=ListaPessoas, count=8

Internal exceptions (1 events):
Event: 0.302 Thread 0x000001392734f3c0 Exception <a 'java/lang/NoSuchMethodError'{0x0000000710e18988}: 'java.lang.Object java.lang.invoke.DirectMethodHandle$Holder.invokeStatic(java.lang.Object)'> (0x0000000710e18988) 
thrown [t:\workspace\open\src\hotspot\share\interpreter\linkResolver.cpp, line 790]

Events (20 events):
Event: 622.148 Executing  VM operation: ChangeBreakpoints done
Event: 638.085 Executing  VM operation: ChangeBreakpoints
Event: 638.085 Executing  VM operation: ChangeBreakpoints done
Event: 638.085 Executing  VM operation: ChangeBreakpoints
Event: 638.085 Executing  VM operation: ChangeBreakpoints done
Event: 665.598 Executing  VM operation: RedefineClasses
Event: 665.600 Executing  VM operation: RedefineClasses done
Event: 665.602 Executing  VM operation: ChangeBreakpoints
Event: 665.602 Executing  VM operation: ChangeBreakpoints done
Event: 665.605 Executing  VM operation: ChangeBreakpoints
Event: 665.605 Executing  VM operation: ChangeBreakpoints done
Event: 688.124 Executing  VM operation: RedefineClasses
Event: 688.125 Executing  VM operation: RedefineClasses done
Event: 688.128 Executing  VM operation: ChangeBreakpoints
Event: 688.128 Executing  VM operation: ChangeBreakpoints done
Event: 688.128 Executing  VM operation: ChangeBreakpoints
Event: 688.128 Executing  VM operation: ChangeBreakpoints done
Event: 688.131 Executing  VM operation: ChangeBreakpoints
Event: 688.131 Executing  VM operation: ChangeBreakpoints done
Event: 696.952 Executing  VM operation: get/set locals


Dynamic libraries:
0x00007ff6be550000 - 0x00007ff6be55e000 	C:\Users\Arthur\Desktop\eclipse\plugins\org.eclipse.justj.openjdk.hotspot.jre.full.win32.x86_64_16.0.2.v20210721-1149\jre\bin\javaw.exe
0x00007ff82d750000 - 0x00007ff82d945000 	C:\Windows\SYSTEM32\ntdll.dll
0x00007ff82cb80000 - 0x00007ff82cc3e000 	C:\Windows\System32\KERNEL32.DLL
0x00007ff82b1f0000 - 0x00007ff82b4b9000 	C:\Windows\System32\KERNELBASE.dll
0x00007ff8282a0000 - 0x00007ff828330000 	C:\Windows\SYSTEM32\apphelp.dll
0x00007ff82ae70000 - 0x00007ff82af70000 	C:\Windows\System32\ucrtbase.dll
0x00007ff8139b0000 - 0x00007ff8139c9000 	C:\Users\Arthur\Desktop\eclipse\plugins\org.eclipse.justj.openjdk.hotspot.jre.full.win32.x86_64_16.0.2.v20210721-1149\jre\bin\VCRUNTIME140.dll
0x00007ff813990000 - 0x00007ff8139a8000 	C:\Users\Arthur\Desktop\eclipse\plugins\org.eclipse.justj.openjdk.hotspot.jre.full.win32.x86_64_16.0.2.v20210721-1149\jre\bin\jli.dll
0x00007ff82cf60000 - 0x00007ff82d101000 	C:\Windows\System32\USER32.dll
0x00007ff815270000 - 0x00007ff81550a000 	C:\Windows\WinSxS\amd64_microsoft.windows.common-controls_6595b64144ccf1df_6.0.19041.1110_none_60b5254171f9507e\COMCTL32.dll
0x00007ff82b1c0000 - 0x00007ff82b1e2000 	C:\Windows\System32\win32u.dll
0x00007ff82cb50000 - 0x00007ff82cb7b000 	C:\Windows\System32\GDI32.dll
0x00007ff82cec0000 - 0x00007ff82cf5e000 	C:\Windows\System32\msvcrt.dll
0x00007ff82b690000 - 0x00007ff82b79b000 	C:\Windows\System32\gdi32full.dll
0x00007ff82b510000 - 0x00007ff82b5ad000 	C:\Windows\System32\msvcp_win.dll
0x00007ff82cc40000 - 0x00007ff82cc70000 	C:\Windows\System32\IMM32.DLL
0x00007ff827960000 - 0x00007ff82796c000 	C:\Users\Arthur\Desktop\eclipse\plugins\org.eclipse.justj.openjdk.hotspot.jre.full.win32.x86_64_16.0.2.v20210721-1149\jre\bin\vcruntime140_1.dll
0x00007fffea210000 - 0x00007fffea2a1000 	C:\Users\Arthur\Desktop\eclipse\plugins\org.eclipse.justj.openjdk.hotspot.jre.full.win32.x86_64_16.0.2.v20210721-1149\jre\bin\msvcp140.dll
0x00007fffb4030000 - 0x00007fffb4bdb000 	C:\Users\Arthur\Desktop\eclipse\plugins\org.eclipse.justj.openjdk.hotspot.jre.full.win32.x86_64_16.0.2.v20210721-1149\jre\bin\server\jvm.dll
0x00007ff82d230000 - 0x00007ff82d2dc000 	C:\Windows\System32\ADVAPI32.dll
0x00007ff82d360000 - 0x00007ff82d3fb000 	C:\Windows\System32\sechost.dll
0x00007ff82ca20000 - 0x00007ff82cb4a000 	C:\Windows\System32\RPCRT4.dll
0x00007ff82d2e0000 - 0x00007ff82d2e8000 	C:\Windows\System32\PSAPI.DLL
0x00007ff827430000 - 0x00007ff82743a000 	C:\Windows\SYSTEM32\VERSION.dll
0x00007ff81dc50000 - 0x00007ff81dc77000 	C:\Windows\SYSTEM32\WINMM.dll
0x00007ff812f90000 - 0x00007ff812f99000 	C:\Windows\SYSTEM32\WSOCK32.dll
0x00007ff82d4d0000 - 0x00007ff82d53b000 	C:\Windows\System32\WS2_32.dll
0x00007ff8299d0000 - 0x00007ff8299e2000 	C:\Windows\SYSTEM32\kernel.appcore.dll
0x00007ff80e1b0000 - 0x00007ff80e1ba000 	C:\Users\Arthur\Desktop\eclipse\plugins\org.eclipse.justj.openjdk.hotspot.jre.full.win32.x86_64_16.0.2.v20210721-1149\jre\bin\jimage.dll
0x00007ff8293c0000 - 0x00007ff8295a4000 	C:\Windows\SYSTEM32\DBGHELP.DLL
0x00007ff812ac0000 - 0x00007ff812aec000 	C:\Windows\SYSTEM32\dbgcore.DLL
0x00007ff82b0d0000 - 0x00007ff82b153000 	C:\Windows\System32\bcryptPrimitives.dll
0x00007ff811030000 - 0x00007ff81106b000 	C:\Users\Arthur\Desktop\eclipse\plugins\org.eclipse.justj.openjdk.hotspot.jre.full.win32.x86_64_16.0.2.v20210721-1149\jre\bin\jdwp.dll
0x00007ff813980000 - 0x00007ff81398e000 	C:\Users\Arthur\Desktop\eclipse\plugins\org.eclipse.justj.openjdk.hotspot.jre.full.win32.x86_64_16.0.2.v20210721-1149\jre\bin\instrument.dll
0x00007ff807bd0000 - 0x00007ff807bf5000 	C:\Users\Arthur\Desktop\eclipse\plugins\org.eclipse.justj.openjdk.hotspot.jre.full.win32.x86_64_16.0.2.v20210721-1149\jre\bin\java.dll
0x00007ff807bb0000 - 0x00007ff807bc8000 	C:\Users\Arthur\Desktop\eclipse\plugins\org.eclipse.justj.openjdk.hotspot.jre.full.win32.x86_64_16.0.2.v20210721-1149\jre\bin\zip.dll
0x00007ff82bb00000 - 0x00007ff82c23f000 	C:\Windows\System32\SHELL32.dll
0x00007ff828b40000 - 0x00007ff8292d0000 	C:\Windows\SYSTEM32\windows.storage.dll
0x00007ff82b7a0000 - 0x00007ff82baf5000 	C:\Windows\System32\combase.dll
0x00007ff82a850000 - 0x00007ff82a87c000 	C:\Windows\SYSTEM32\Wldp.dll
0x00007ff82d540000 - 0x00007ff82d5ed000 	C:\Windows\System32\SHCORE.dll
0x00007ff82d650000 - 0x00007ff82d6a5000 	C:\Windows\System32\shlwapi.dll
0x00007ff82adb0000 - 0x00007ff82adcf000 	C:\Windows\SYSTEM32\profapi.dll
0x00007ff813970000 - 0x00007ff81397c000 	C:\Users\Arthur\Desktop\eclipse\plugins\org.eclipse.justj.openjdk.hotspot.jre.full.win32.x86_64_16.0.2.v20210721-1149\jre\bin\dt_socket.dll
0x00007ff82a240000 - 0x00007ff82a27b000 	C:\Windows\SYSTEM32\IPHLPAPI.DLL
0x00007ff82a5b0000 - 0x00007ff82a61a000 	C:\Windows\system32\mswsock.dll
0x00007ff82a280000 - 0x00007ff82a34c000 	C:\Windows\SYSTEM32\DNSAPI.dll
0x00007ff82d350000 - 0x00007ff82d358000 	C:\Windows\System32\NSI.dll
0x00007ff81c8a0000 - 0x00007ff81c8aa000 	C:\Windows\System32\rasadhlp.dll
0x00007ff81cc90000 - 0x00007ff81cd0f000 	C:\Windows\System32\fwpuclnt.dll
0x00007ff82b5b0000 - 0x00007ff82b5d7000 	C:\Windows\System32\bcrypt.dll
0x00007ff807870000 - 0x00007ff807889000 	C:\Users\Arthur\Desktop\eclipse\plugins\org.eclipse.justj.openjdk.hotspot.jre.full.win32.x86_64_16.0.2.v20210721-1149\jre\bin\net.dll
0x00007ff81df30000 - 0x00007ff81e038000 	C:\Windows\SYSTEM32\WINHTTP.dll
0x00007ff807850000 - 0x00007ff807863000 	C:\Users\Arthur\Desktop\eclipse\plugins\org.eclipse.justj.openjdk.hotspot.jre.full.win32.x86_64_16.0.2.v20210721-1149\jre\bin\nio.dll
0x00007ff814fb0000 - 0x00007ff814fc0000 	C:\Users\Arthur\Desktop\eclipse\plugins\org.eclipse.justj.openjdk.hotspot.jre.full.win32.x86_64_16.0.2.v20210721-1149\jre\bin\verify.dll

dbghelp: loaded successfully - version: 4.0.5 - missing functions: none
symbol engine: initialized successfully - sym options: 0x614 - pdb path: .;C:\Users\Arthur\Desktop\eclipse\plugins\org.eclipse.justj.openjdk.hotspot.jre.full.win32.x86_64_16.0.2.v20210721-1149\jre\bin;C:\Windows\SYSTEM32;C:\Windows\WinSxS\amd64_microsoft.windows.common-controls_6595b64144ccf1df_6.0.19041.1110_none_60b5254171f9507e;C:\Users\Arthur\Desktop\eclipse\plugins\org.eclipse.justj.openjdk.hotspot.jre.full.win32.x86_64_16.0.2.v20210721-1149\jre\bin\server

VM Arguments:
jvm_args: -XX:+ShowCodeDetailsInExceptionMessages -agentlib:jdwp=transport=dt_socket,suspend=y,address=localhost:53299 -javaagent:C:\Users\Arthur\Desktop\eclipse\configuration\org.eclipse.osgi\415\0\.cp\lib\javaagent-shaded.jar -Dfile.encoding=Cp1252 
java_command: ListaPessoas
java_class_path (initial): C:\Users\Arthur\Desktop\repository\pota-21634491\bin
Launcher Type: SUN_STANDARD

[Global flags]
     intx CICompilerCount                          = 3                                         {product} {ergonomic}
     uint ConcGCThreads                            = 2                                         {product} {ergonomic}
     uint G1ConcRefinementThreads                  = 6                                         {product} {ergonomic}
   size_t G1HeapRegionSize                         = 2097152                                   {product} {ergonomic}
    uintx GCDrainStackTargetSize                   = 64                                        {product} {ergonomic}
   size_t InitialHeapSize                          = 268435456                                 {product} {ergonomic}
   size_t MarkStackSize                            = 4194304                                   {product} {ergonomic}
   size_t MaxHeapSize                              = 4273995776                                {product} {ergonomic}
   size_t MaxNewSize                               = 2562719744                                {product} {ergonomic}
   size_t MinHeapDeltaBytes                        = 2097152                                   {product} {ergonomic}
   size_t MinHeapSize                              = 8388608                                   {product} {ergonomic}
    uintx NonNMethodCodeHeapSize                   = 5832780                                {pd product} {ergonomic}
    uintx NonProfiledCodeHeapSize                  = 122912730                              {pd product} {ergonomic}
    uintx ProfiledCodeHeapSize                     = 122912730                              {pd product} {ergonomic}
    uintx ReservedCodeCacheSize                    = 251658240                              {pd product} {ergonomic}
     bool SegmentedCodeCache                       = true                                      {product} {ergonomic}
     bool ShowCodeDetailsInExceptionMessages       = true                                   {manageable} {command line}
   size_t SoftMaxHeapSize                          = 4273995776                             {manageable} {ergonomic}
     bool UseCompressedClassPointers               = true                           {product lp64_product} {ergonomic}
     bool UseCompressedOops                        = true                           {product lp64_product} {ergonomic}
     bool UseG1GC                                  = true                                      {product} {ergonomic}
     bool UseLargePagesIndividualAllocation        = false                                  {pd product} {ergonomic}

Logging:
Log output configuration:
 #0: stdout all=warning uptime,level,tags
 #1: stderr all=off uptime,level,tags

Environment Variables:
JAVA_HOME=C:\Program Files\Java\jdk1.8.0_202
PATH=C:\Users\Arthur\Desktop\eclipse\plugins\org.eclipse.justj.openjdk.hotspot.jre.full.win32.x86_64_16.0.2.v20210721-1149\jre\bin;C:/Users/Arthur/Desktop/eclipse//plugins/org.eclipse.justj.openjdk.hotspot.jre.full.win32.x86_64_16.0.2.v20210721-1149/jre/bin/server;C:/Users/Arthur/Desktop/eclipse//plugins/org.eclipse.justj.openjdk.hotspot.jre.full.win32.x86_64_16.0.2.v20210721-1149/jre/bin;C:\Program Files (x86)\Common Files\Oracle\Java\javapath;C:\Windows\system32;C:\Windows;C:\Windows\System32\Wbem;C:\Windows\System32\WindowsPowerShell\v1.0\;C:\Windows\System32\OpenSSH\;C:\Program Files (x86)\NVIDIA Corporation\PhysX\Common;C:\Program Files (x86)\Oberthur Technologies\AWP\Dlls;C:\Program Files\Oberthur Technologies\AWP\Dlls;C:\Program Files\Java\jdk1.8.0_202\bin;C:\Users\Arthur\AppData\Local\Microsoft\WindowsApps;;C:\Users\Arthur\Desktop\eclipse;
USERNAME=Arthur
OS=Windows_NT
PROCESSOR_IDENTIFIER=Intel64 Family 6 Model 158 Stepping 10, GenuineIntel



---------------  S Y S T E M  ---------------

OS:
 Windows 10 , 64 bit Build 19041 (10.0.19041.1202)
OS uptime: 0 days 2:08 hours

CPU: total 6 (initial active 6) (6 cores per cpu, 1 threads per core) family 6 model 158 stepping 10 microcode 0xb4, cx8, cmov, fxsr, mmx, 3dnowpref, sse, sse2, sse3, ssse3, sse4.1, sse4.2, popcnt, lzcnt, tsc, tscinvbit, avx, avx2, aes, erms, clmul, bmi1, bmi2, adx, fma, vzeroupper, clflush, clflushopt

Memory: 4k page, system-wide physical 16297M (8522M free)
TotalPageFile size 18729M (AvailPageFile size 5468M)
current process WorkingSet (physical memory assigned to process): 49M, peak: 50M
current process commit charge ("private bytes"): 340M, peak: 342M

vm_info: OpenJDK 64-Bit Server VM (16.0.2+7-67) for windows-amd64 JRE (16.0.2+7-67), built on Jun  8 2021 23:21:43 by "mach5one" with MS VC++ 16.7 (VS2019)

END.
